<?xml version="1.0" encoding="UTF-8"?>
<testsuite name="com.github.salif.tetris.AppTest" tests="1" skipped="0" failures="0" errors="0" timestamp="2024-10-24T19:09:17" hostname="LAPTOP-PNGS8A7S" time="0.002">
  <properties/>
  <testcase name="appHasAGreeting()" classname="com.github.salif.tetris.AppTest" time="0.002"/>
  <system-out><![CDATA[]]></system-out>
  <system-err><![CDATA[]]></system-err>
</testsuite>
